[2024-03-15 13:37:02] START
[2024-03-15 19:28:22] CREATE api.py: 0
[2024-03-15 19:32:56] EDIT SGE/controllers/api.py: 14
[2024-03-15 19:47:31] EDIT SGE/controllers/api.py: 17
[2024-03-15 20:08:53] EDIT SGE/controllers/api.py: 1
[2024-03-15 20:10:28] EDIT SGE/controllers/api.py: 0
[2024-03-15 20:16:21] EDIT SGE/controllers/api.py: 2
[2024-03-15 20:16:52] EDIT SGE/controllers/api.py: -2
[2024-03-15 20:20:21] EDIT SGE/controllers/api.py: 0
[2024-03-15 20:20:33] EDIT SGE/controllers/api.py: 0
[2024-03-15 20:20:58] EDIT SGE/controllers/api.py: 0
[2024-03-15 20:21:34] EDIT SGE/controllers/api.py: 0
[2024-03-15 20:23:05] EDIT SGE/controllers/api.py: 0
[2024-03-15 20:25:20] EDIT SGE/controllers/api.py: 18
[2024-03-15 20:28:56] EDIT SGE/controllers/api.py: 8
[2024-03-15 20:30:09] EDIT SGE/controllers/api.py: 1
[2024-03-15 20:34:39] EDIT SGE/controllers/attendance.py: 0
[2024-03-15 20:38:42] EDIT SGE/modules/renderer/attendance_renderer.py: 0
[2024-03-15 20:45:56] EDIT SGE/controllers/attendance.py: 0
[2024-03-15 20:53:01] EDIT SGE/controllers/api.py: 0
[2024-03-15 22:24:49] EDIT SGE/controllers/student.py: 0
[2024-03-16 21:03:44] EDIT SGE/models/db.py: 6
[2024-03-16 21:04:45] EDIT SGE/private/appconfig.ini: 0
[2024-03-16 21:07:45] EDIT SGE/private/appconfig.ini: 0
[2024-03-16 21:08:15] EDIT SGE/models/db.py: 0
[2024-03-16 21:31:35] EDIT SGE/private/appconfig.ini: 0
[2024-03-16 21:31:51] EDIT SGE/private/appconfig.ini: 0
[2024-03-16 21:32:07] EDIT SGE/private/appconfig.ini: 0
[2024-03-16 21:32:26] EDIT SGE/private/appconfig.ini: 0
[2024-03-16 21:40:58] EDIT SGE/controllers/api.py: -3
[2024-03-17 01:18:52] EDIT SGE/controllers/classroom.py: 3
[2024-03-17 01:19:27] EDIT SGE/controllers/classroom.py: 1
[2024-03-17 01:19:53] EDIT SGE/controllers/classroom.py: 0
[2024-03-17 01:22:58] EDIT SGE/controllers/classroom.py: 6
[2024-03-17 01:23:52] EDIT SGE/controllers/classroom.py: 0
[2024-03-17 01:24:39] EDIT SGE/controllers/classroom.py: 0
[2024-03-17 01:30:06] EDIT SGE/controllers/classroom.py: 2
[2024-03-17 01:31:41] EDIT SGE/controllers/classroom.py: 0
[2024-03-17 01:33:36] EDIT SGE/controllers/classroom.py: 1
[2024-03-17 01:34:01] EDIT SGE/controllers/classroom.py: 0
[2024-03-17 01:35:38] EDIT SGE/controllers/classroom.py: -3
[2024-03-17 01:36:05] EDIT SGE/controllers/classroom.py: 0
[2024-03-17 01:36:32] EDIT SGE/controllers/classroom.py: 0
[2024-03-17 01:57:45] EDIT SGE/controllers/subject.py: 4
[2024-03-17 09:07:50] EDIT SGE/controllers/classroom.py: 0
